[2022-08-21 19:49:08,215] {taskinstance.py:1179} INFO - Dependencies all met for <TaskInstance: dbt_dag.dbt_run scheduled__2022-08-18T00:00:00+00:00 [queued]>
[2022-08-21 19:49:08,231] {taskinstance.py:1179} INFO - Dependencies all met for <TaskInstance: dbt_dag.dbt_run scheduled__2022-08-18T00:00:00+00:00 [queued]>
[2022-08-21 19:49:08,231] {taskinstance.py:1376} INFO - 
--------------------------------------------------------------------------------
[2022-08-21 19:49:08,232] {taskinstance.py:1377} INFO - Starting attempt 1 of 1
[2022-08-21 19:49:08,232] {taskinstance.py:1378} INFO - 
--------------------------------------------------------------------------------
[2022-08-21 19:49:08,262] {taskinstance.py:1397} INFO - Executing <Task(BashOperator): dbt_run> on 2022-08-18 00:00:00+00:00
[2022-08-21 19:49:08,264] {standard_task_runner.py:52} INFO - Started process 63 to run task
[2022-08-21 19:49:08,267] {standard_task_runner.py:79} INFO - Running: ['airflow', 'tasks', 'run', 'dbt_dag', 'dbt_run', 'scheduled__2022-08-18T00:00:00+00:00', '--job-id', '6', '--raw', '--subdir', 'DAGS_FOLDER/dbt_project.py', '--cfg-path', '/tmp/tmptj7fnl5o', '--error-file', '/tmp/tmpqjimqz5l']
[2022-08-21 19:49:08,267] {standard_task_runner.py:80} INFO - Job 6: Subtask dbt_run
[2022-08-21 19:49:08,342] {task_command.py:371} INFO - Running <TaskInstance: dbt_dag.dbt_run scheduled__2022-08-18T00:00:00+00:00 [running]> on host 5ce0005a4e16
[2022-08-21 19:49:08,434] {taskinstance.py:1589} INFO - Exporting the following env vars:
AIRFLOW_CTX_DAG_OWNER=airflow
AIRFLOW_CTX_DAG_ID=dbt_dag
AIRFLOW_CTX_TASK_ID=dbt_run
AIRFLOW_CTX_EXECUTION_DATE=2022-08-18T00:00:00+00:00
AIRFLOW_CTX_TRY_NUMBER=1
AIRFLOW_CTX_DAG_RUN_ID=scheduled__2022-08-18T00:00:00+00:00
[2022-08-21 19:49:08,435] {subprocess.py:62} INFO - Tmp dir root location: 
 /tmp
[2022-08-21 19:49:08,436] {subprocess.py:74} INFO - Running command: ['bash', '-c', 'cd ${DBT_HOME} && dbt run']
[2022-08-21 19:49:08,439] {subprocess.py:85} INFO - Output:
[2022-08-21 19:49:11,313] {subprocess.py:92} INFO - [0m19:49:11  Running with dbt=1.2.0
[2022-08-21 19:49:13,120] {subprocess.py:92} INFO - [0m19:49:13  Found 6 models, 9 tests, 0 snapshots, 0 analyses, 523 macros, 0 operations, 0 seed files, 3 sources, 1 exposure, 0 metrics
[2022-08-21 19:49:13,123] {subprocess.py:92} INFO - [0m19:49:13
[2022-08-21 19:49:14,217] {subprocess.py:92} INFO - [0m19:49:14  Concurrency: 5 threads (target='dbt_x_airflow')
[2022-08-21 19:49:14,218] {subprocess.py:92} INFO - [0m19:49:14
[2022-08-21 19:49:14,229] {subprocess.py:92} INFO - [0m19:49:14  1 of 6 START table model dbt_x_airflow.agg_transactions ........................ [RUN]
[2022-08-21 19:49:14,230] {subprocess.py:92} INFO - [0m19:49:14  2 of 6 START view model dbt_x_airflow.stg_customers ............................ [RUN]
[2022-08-21 19:49:14,232] {subprocess.py:92} INFO - [0m19:49:14  3 of 6 START view model dbt_x_airflow.stg_orders ............................... [RUN]
[2022-08-21 19:49:14,233] {subprocess.py:92} INFO - [0m19:49:14  4 of 6 START view model dbt_x_airflow.stg_payments ............................. [RUN]
[2022-08-21 19:49:15,599] {subprocess.py:92} INFO - [0m19:49:15  4 of 6 OK created view model dbt_x_airflow.stg_payments ........................ [[32mOK[0m in 1.36s]
[2022-08-21 19:49:15,602] {subprocess.py:92} INFO - [0m19:49:15  5 of 6 START table model dbt_x_airflow.pivoted_orders .......................... [RUN]
[2022-08-21 19:49:15,632] {subprocess.py:92} INFO - [0m19:49:15  3 of 6 OK created view model dbt_x_airflow.stg_orders .......................... [[32mOK[0m in 1.40s]
[2022-08-21 19:49:15,668] {subprocess.py:92} INFO - [0m19:49:15  2 of 6 OK created view model dbt_x_airflow.stg_customers ....................... [[32mOK[0m in 1.44s]
[2022-08-21 19:49:15,672] {subprocess.py:92} INFO - [0m19:49:15  6 of 6 START table model dbt_x_airflow.dim_customers ........................... [RUN]
[2022-08-21 19:49:17,378] {subprocess.py:92} INFO - [0m19:49:17  1 of 6 OK created table model dbt_x_airflow.agg_transactions ................... [[32mCREATE TABLE (96.0 rows, 2.4 KB processed)[0m in 3.15s]
[2022-08-21 19:49:18,757] {subprocess.py:92} INFO - [0m19:49:18  5 of 6 OK created table model dbt_x_airflow.pivoted_orders ..................... [[32mCREATE TABLE (99.0 rows, 4.4 KB processed)[0m in 3.15s]
[2022-08-21 19:49:19,117] {subprocess.py:92} INFO - [0m19:49:19  6 of 6 OK created table model dbt_x_airflow.dim_customers ...................... [[32mCREATE TABLE (100.0 rows, 4.3 KB processed)[0m in 3.44s]
[2022-08-21 19:49:19,123] {subprocess.py:92} INFO - [0m19:49:19
[2022-08-21 19:49:19,124] {subprocess.py:92} INFO - [0m19:49:19  Finished running 3 view models, 3 table models in 0 hours 0 minutes and 6.00 seconds (6.00s).
[2022-08-21 19:49:19,155] {subprocess.py:92} INFO - [0m19:49:19
[2022-08-21 19:49:19,157] {subprocess.py:92} INFO - [0m19:49:19  [32mCompleted successfully[0m
[2022-08-21 19:49:19,158] {subprocess.py:92} INFO - [0m19:49:19
[2022-08-21 19:49:19,159] {subprocess.py:92} INFO - [0m19:49:19  Done. PASS=6 WARN=0 ERROR=0 SKIP=0 TOTAL=6
[2022-08-21 19:49:19,801] {subprocess.py:96} INFO - Command exited with return code 0
[2022-08-21 19:49:19,853] {taskinstance.py:1415} INFO - Marking task as SUCCESS. dag_id=dbt_dag, task_id=dbt_run, execution_date=20220818T000000, start_date=20220821T194908, end_date=20220821T194919
[2022-08-21 19:49:19,885] {local_task_job.py:156} INFO - Task exited with return code 0
[2022-08-21 19:49:19,938] {local_task_job.py:273} INFO - 1 downstream tasks scheduled from follow-on schedule check
