[2022-08-21 19:48:08,384] {manager.py:480} INFO - Processing files using up to 1 processes at a time 
[2022-08-21 19:48:08,386] {manager.py:481} INFO - Process each file at most once every 30 seconds
[2022-08-21 19:48:08,386] {manager.py:482} INFO - Checking for new files in /dbt-airflow/airflow/dags every 300 seconds
[2022-08-21 19:48:08,387] {manager.py:690} INFO - Searching for files in /dbt-airflow/airflow/dags
[2022-08-21 19:48:08,401] {manager.py:693} INFO - There are 1 files in /dbt-airflow/airflow/dags
[2022-08-21 19:48:08,766] {manager.py:809} INFO - 
================================================================================
DAG File Processing Stats

File Path                                 PID    Runtime      # DAGs    # Errors  Last Runtime    Last Run
----------------------------------------  -----  ---------  --------  ----------  --------------  -------------------
/dbt-airflow/airflow/dags/dbt_project.py                           1           0  0.30s           2022-08-21T19:48:08
================================================================================
[2022-08-21 19:48:41,087] {manager.py:809} INFO - 
================================================================================
DAG File Processing Stats

File Path                                 PID    Runtime      # DAGs    # Errors  Last Runtime    Last Run
----------------------------------------  -----  ---------  --------  ----------  --------------  -------------------
/dbt-airflow/airflow/dags/dbt_project.py                           1           0  0.20s           2022-08-21T19:48:41
================================================================================
[2022-08-21 19:49:31,851] {manager.py:809} INFO - 
================================================================================
DAG File Processing Stats

File Path                                 PID    Runtime      # DAGs    # Errors  Last Runtime    Last Run
----------------------------------------  -----  ---------  --------  ----------  --------------  -------------------
/dbt-airflow/airflow/dags/dbt_project.py                           1           0  0.20s           2022-08-21T19:49:31
================================================================================
[2022-08-21 19:50:09,890] {manager.py:809} INFO - 
================================================================================
DAG File Processing Stats

File Path                                 PID    Runtime      # DAGs    # Errors  Last Runtime    Last Run
----------------------------------------  -----  ---------  --------  ----------  --------------  -------------------
/dbt-airflow/airflow/dags/dbt_project.py                           1           0  0.20s           2022-08-21T19:50:09
================================================================================
[2022-08-21 19:50:45,308] {manager.py:809} INFO - 
================================================================================
DAG File Processing Stats

File Path                                 PID    Runtime      # DAGs    # Errors  Last Runtime    Last Run
----------------------------------------  -----  ---------  --------  ----------  --------------  -------------------
/dbt-airflow/airflow/dags/dbt_project.py                           1           0  0.20s           2022-08-21T19:50:45
================================================================================
[2022-08-21 19:51:15,857] {manager.py:809} INFO - 
================================================================================
DAG File Processing Stats

File Path                                 PID    Runtime      # DAGs    # Errors  Last Runtime    Last Run
----------------------------------------  -----  ---------  --------  ----------  --------------  -------------------
/dbt-airflow/airflow/dags/dbt_project.py                           1           0  0.20s           2022-08-21T19:51:15
================================================================================
[2022-08-21 19:51:46,738] {manager.py:809} INFO - 
================================================================================
DAG File Processing Stats

File Path                                 PID    Runtime      # DAGs    # Errors  Last Runtime    Last Run
----------------------------------------  -----  ---------  --------  ----------  --------------  -------------------
/dbt-airflow/airflow/dags/dbt_project.py                           1           0  0.20s           2022-08-21T19:51:46
================================================================================
[2022-08-21 19:52:16,969] {manager.py:809} INFO - 
================================================================================
DAG File Processing Stats

File Path                                 PID    Runtime      # DAGs    # Errors  Last Runtime    Last Run
----------------------------------------  -----  ---------  --------  ----------  --------------  -------------------
/dbt-airflow/airflow/dags/dbt_project.py                           1           0  0.20s           2022-08-21T19:52:16
================================================================================
[2022-08-21 19:52:47,182] {manager.py:809} INFO - 
================================================================================
DAG File Processing Stats

File Path                                 PID    Runtime      # DAGs    # Errors  Last Runtime    Last Run
----------------------------------------  -----  ---------  --------  ----------  --------------  -------------------
/dbt-airflow/airflow/dags/dbt_project.py                           1           0  0.20s           2022-08-21T19:52:47
================================================================================
[2022-08-21 19:53:08,396] {manager.py:690} INFO - Searching for files in /dbt-airflow/airflow/dags
[2022-08-21 19:53:08,424] {manager.py:693} INFO - There are 1 files in /dbt-airflow/airflow/dags
[2022-08-21 19:53:17,430] {manager.py:809} INFO - 
================================================================================
DAG File Processing Stats

File Path                                 PID    Runtime      # DAGs    # Errors  Last Runtime    Last Run
----------------------------------------  -----  ---------  --------  ----------  --------------  -------------------
/dbt-airflow/airflow/dags/dbt_project.py                           1           0  0.21s           2022-08-21T19:53:17
================================================================================
[2022-08-21 19:53:47,663] {manager.py:809} INFO - 
================================================================================
DAG File Processing Stats

File Path                                 PID    Runtime      # DAGs    # Errors  Last Runtime    Last Run
----------------------------------------  -----  ---------  --------  ----------  --------------  -------------------
/dbt-airflow/airflow/dags/dbt_project.py                           1           0  0.20s           2022-08-21T19:53:47
================================================================================
[2022-08-21 19:54:17,917] {manager.py:809} INFO - 
================================================================================
DAG File Processing Stats

File Path                                 PID    Runtime      # DAGs    # Errors  Last Runtime    Last Run
----------------------------------------  -----  ---------  --------  ----------  --------------  -------------------
/dbt-airflow/airflow/dags/dbt_project.py                           1           0  0.20s           2022-08-21T19:54:17
================================================================================
[2022-08-21 19:54:48,191] {manager.py:809} INFO - 
================================================================================
DAG File Processing Stats

File Path                                 PID    Runtime      # DAGs    # Errors  Last Runtime    Last Run
----------------------------------------  -----  ---------  --------  ----------  --------------  -------------------
/dbt-airflow/airflow/dags/dbt_project.py                           1           0  0.20s           2022-08-21T19:54:48
================================================================================
[2022-08-21 19:55:18,431] {manager.py:809} INFO - 
================================================================================
DAG File Processing Stats

File Path                                 PID    Runtime      # DAGs    # Errors  Last Runtime    Last Run
----------------------------------------  -----  ---------  --------  ----------  --------------  -------------------
/dbt-airflow/airflow/dags/dbt_project.py                           1           0  0.20s           2022-08-21T19:55:18
================================================================================
[2022-08-21 19:55:48,666] {manager.py:809} INFO - 
================================================================================
DAG File Processing Stats

File Path                                 PID    Runtime      # DAGs    # Errors  Last Runtime    Last Run
----------------------------------------  -----  ---------  --------  ----------  --------------  -------------------
/dbt-airflow/airflow/dags/dbt_project.py                           1           0  0.21s           2022-08-21T19:55:48
================================================================================
[2022-08-21 19:56:19,276] {manager.py:809} INFO - 
================================================================================
DAG File Processing Stats

File Path                                 PID    Runtime      # DAGs    # Errors  Last Runtime    Last Run
----------------------------------------  -----  ---------  --------  ----------  --------------  -------------------
/dbt-airflow/airflow/dags/dbt_project.py                           1           0  0.20s           2022-08-21T19:56:19
================================================================================
[2022-08-21 19:56:49,981] {manager.py:809} INFO - 
================================================================================
DAG File Processing Stats

File Path                                 PID    Runtime      # DAGs    # Errors  Last Runtime    Last Run
----------------------------------------  -----  ---------  --------  ----------  --------------  -------------------
/dbt-airflow/airflow/dags/dbt_project.py                           1           0  0.20s           2022-08-21T19:56:49
================================================================================
[2022-08-21 19:57:20,347] {manager.py:809} INFO - 
================================================================================
DAG File Processing Stats

File Path                                 PID    Runtime      # DAGs    # Errors  Last Runtime    Last Run
----------------------------------------  -----  ---------  --------  ----------  --------------  -------------------
/dbt-airflow/airflow/dags/dbt_project.py                           1           0  0.20s           2022-08-21T19:57:20
================================================================================
[2022-08-21 19:57:50,726] {manager.py:809} INFO - 
================================================================================
DAG File Processing Stats

File Path                                 PID    Runtime      # DAGs    # Errors  Last Runtime    Last Run
----------------------------------------  -----  ---------  --------  ----------  --------------  -------------------
/dbt-airflow/airflow/dags/dbt_project.py                           1           0  0.20s           2022-08-21T19:57:50
================================================================================
[2022-08-21 19:58:08,481] {manager.py:690} INFO - Searching for files in /dbt-airflow/airflow/dags
[2022-08-21 19:58:08,518] {manager.py:693} INFO - There are 1 files in /dbt-airflow/airflow/dags
[2022-08-21 19:58:21,084] {manager.py:809} INFO - 
================================================================================
DAG File Processing Stats

File Path                                 PID    Runtime      # DAGs    # Errors  Last Runtime    Last Run
----------------------------------------  -----  ---------  --------  ----------  --------------  -------------------
/dbt-airflow/airflow/dags/dbt_project.py                           1           0  0.20s           2022-08-21T19:58:21
================================================================================
[2022-08-21 19:58:51,459] {manager.py:809} INFO - 
================================================================================
DAG File Processing Stats

File Path                                 PID    Runtime      # DAGs    # Errors  Last Runtime    Last Run
----------------------------------------  -----  ---------  --------  ----------  --------------  -------------------
/dbt-airflow/airflow/dags/dbt_project.py                           1           0  0.20s           2022-08-21T19:58:51
================================================================================
[2022-08-21 19:59:21,854] {manager.py:809} INFO - 
================================================================================
DAG File Processing Stats

File Path                                 PID    Runtime      # DAGs    # Errors  Last Runtime    Last Run
----------------------------------------  -----  ---------  --------  ----------  --------------  -------------------
/dbt-airflow/airflow/dags/dbt_project.py                           1           0  0.20s           2022-08-21T19:59:21
================================================================================
[2022-08-21 19:59:52,191] {manager.py:809} INFO - 
================================================================================
DAG File Processing Stats

File Path                                 PID    Runtime      # DAGs    # Errors  Last Runtime    Last Run
----------------------------------------  -----  ---------  --------  ----------  --------------  -------------------
/dbt-airflow/airflow/dags/dbt_project.py                           1           0  0.20s           2022-08-21T19:59:52
================================================================================
[2022-08-21 20:00:22,542] {manager.py:809} INFO - 
================================================================================
DAG File Processing Stats

File Path                                 PID    Runtime      # DAGs    # Errors  Last Runtime    Last Run
----------------------------------------  -----  ---------  --------  ----------  --------------  -------------------
/dbt-airflow/airflow/dags/dbt_project.py                           1           0  0.20s           2022-08-21T20:00:22
================================================================================
[2022-08-21 20:00:52,898] {manager.py:809} INFO - 
================================================================================
DAG File Processing Stats

File Path                                 PID    Runtime      # DAGs    # Errors  Last Runtime    Last Run
----------------------------------------  -----  ---------  --------  ----------  --------------  -------------------
/dbt-airflow/airflow/dags/dbt_project.py                           1           0  0.20s           2022-08-21T20:00:52
================================================================================
