[2022-08-21 19:50:34,425] {taskinstance.py:1179} INFO - Dependencies all met for <TaskInstance: dbt_dag.dbt_docs scheduled__2022-08-19T00:00:00+00:00 [queued]>
[2022-08-21 19:50:34,442] {taskinstance.py:1179} INFO - Dependencies all met for <TaskInstance: dbt_dag.dbt_docs scheduled__2022-08-19T00:00:00+00:00 [queued]>
[2022-08-21 19:50:34,442] {taskinstance.py:1376} INFO - 
--------------------------------------------------------------------------------
[2022-08-21 19:50:34,443] {taskinstance.py:1377} INFO - Starting attempt 1 of 1
[2022-08-21 19:50:34,444] {taskinstance.py:1378} INFO - 
--------------------------------------------------------------------------------
[2022-08-21 19:50:34,478] {taskinstance.py:1397} INFO - Executing <Task(BashOperator): dbt_docs> on 2022-08-19 00:00:00+00:00
[2022-08-21 19:50:34,480] {standard_task_runner.py:52} INFO - Started process 171 to run task
[2022-08-21 19:50:34,482] {standard_task_runner.py:79} INFO - Running: ['airflow', 'tasks', 'run', 'dbt_dag', 'dbt_docs', 'scheduled__2022-08-19T00:00:00+00:00', '--job-id', '13', '--raw', '--subdir', 'DAGS_FOLDER/dbt_project.py', '--cfg-path', '/tmp/tmpfmpi7yrc', '--error-file', '/tmp/tmp7cw20i9p']
[2022-08-21 19:50:34,483] {standard_task_runner.py:80} INFO - Job 13: Subtask dbt_docs
[2022-08-21 19:50:34,567] {task_command.py:371} INFO - Running <TaskInstance: dbt_dag.dbt_docs scheduled__2022-08-19T00:00:00+00:00 [running]> on host 5ce0005a4e16
[2022-08-21 19:50:34,668] {taskinstance.py:1589} INFO - Exporting the following env vars:
AIRFLOW_CTX_DAG_OWNER=airflow
AIRFLOW_CTX_DAG_ID=dbt_dag
AIRFLOW_CTX_TASK_ID=dbt_docs
AIRFLOW_CTX_EXECUTION_DATE=2022-08-19T00:00:00+00:00
AIRFLOW_CTX_TRY_NUMBER=1
AIRFLOW_CTX_DAG_RUN_ID=scheduled__2022-08-19T00:00:00+00:00
[2022-08-21 19:50:34,669] {subprocess.py:62} INFO - Tmp dir root location: 
 /tmp
[2022-08-21 19:50:34,670] {subprocess.py:74} INFO - Running command: ['bash', '-c', 'cd ${DBT_HOME} && dbt docs generate']
[2022-08-21 19:50:34,673] {subprocess.py:85} INFO - Output:
[2022-08-21 19:50:37,691] {subprocess.py:92} INFO - [0m19:50:37  Running with dbt=1.2.0
[2022-08-21 19:50:39,454] {subprocess.py:92} INFO - [0m19:50:39  Found 6 models, 9 tests, 0 snapshots, 0 analyses, 523 macros, 0 operations, 0 seed files, 3 sources, 1 exposure, 0 metrics
[2022-08-21 19:50:39,458] {subprocess.py:92} INFO - [0m19:50:39
[2022-08-21 19:50:39,916] {subprocess.py:92} INFO - [0m19:50:39  Concurrency: 5 threads (target='dbt_x_airflow')
[2022-08-21 19:50:39,917] {subprocess.py:92} INFO - [0m19:50:39
[2022-08-21 19:50:40,188] {subprocess.py:92} INFO - [0m19:50:40  Done.
[2022-08-21 19:50:40,242] {subprocess.py:92} INFO - [0m19:50:40  Building catalog
[2022-08-21 19:50:44,086] {subprocess.py:92} INFO - [0m19:50:44  Catalog written to /dbt-airflow/dbt_jaffleshop/target/catalog.json
[2022-08-21 19:50:44,728] {subprocess.py:96} INFO - Command exited with return code 0
[2022-08-21 19:50:44,777] {taskinstance.py:1415} INFO - Marking task as SUCCESS. dag_id=dbt_dag, task_id=dbt_docs, execution_date=20220819T000000, start_date=20220821T195034, end_date=20220821T195044
[2022-08-21 19:50:44,816] {local_task_job.py:156} INFO - Task exited with return code 0
[2022-08-21 19:50:44,845] {local_task_job.py:273} INFO - 0 downstream tasks scheduled from follow-on schedule check
