[2022-08-21 19:49:32,897] {taskinstance.py:1179} INFO - Dependencies all met for <TaskInstance: dbt_dag.dbt_run scheduled__2022-08-19T00:00:00+00:00 [queued]>
[2022-08-21 19:49:32,910] {taskinstance.py:1179} INFO - Dependencies all met for <TaskInstance: dbt_dag.dbt_run scheduled__2022-08-19T00:00:00+00:00 [queued]>
[2022-08-21 19:49:32,911] {taskinstance.py:1376} INFO - 
--------------------------------------------------------------------------------
[2022-08-21 19:49:32,911] {taskinstance.py:1377} INFO - Starting attempt 1 of 1
[2022-08-21 19:49:32,912] {taskinstance.py:1378} INFO - 
--------------------------------------------------------------------------------
[2022-08-21 19:49:32,941] {taskinstance.py:1397} INFO - Executing <Task(BashOperator): dbt_run> on 2022-08-19 00:00:00+00:00
[2022-08-21 19:49:32,943] {standard_task_runner.py:52} INFO - Started process 93 to run task
[2022-08-21 19:49:32,946] {standard_task_runner.py:79} INFO - Running: ['airflow', 'tasks', 'run', 'dbt_dag', 'dbt_run', 'scheduled__2022-08-19T00:00:00+00:00', '--job-id', '8', '--raw', '--subdir', 'DAGS_FOLDER/dbt_project.py', '--cfg-path', '/tmp/tmpljw5xa1y', '--error-file', '/tmp/tmprxdzkt4k']
[2022-08-21 19:49:32,947] {standard_task_runner.py:80} INFO - Job 8: Subtask dbt_run
[2022-08-21 19:49:33,027] {task_command.py:371} INFO - Running <TaskInstance: dbt_dag.dbt_run scheduled__2022-08-19T00:00:00+00:00 [running]> on host 5ce0005a4e16
[2022-08-21 19:49:33,131] {taskinstance.py:1589} INFO - Exporting the following env vars:
AIRFLOW_CTX_DAG_OWNER=airflow
AIRFLOW_CTX_DAG_ID=dbt_dag
AIRFLOW_CTX_TASK_ID=dbt_run
AIRFLOW_CTX_EXECUTION_DATE=2022-08-19T00:00:00+00:00
AIRFLOW_CTX_TRY_NUMBER=1
AIRFLOW_CTX_DAG_RUN_ID=scheduled__2022-08-19T00:00:00+00:00
[2022-08-21 19:49:33,132] {subprocess.py:62} INFO - Tmp dir root location: 
 /tmp
[2022-08-21 19:49:33,133] {subprocess.py:74} INFO - Running command: ['bash', '-c', 'cd ${DBT_HOME} && dbt run']
[2022-08-21 19:49:33,137] {subprocess.py:85} INFO - Output:
[2022-08-21 19:49:36,031] {subprocess.py:92} INFO - [0m19:49:36  Running with dbt=1.2.0
[2022-08-21 19:49:37,830] {subprocess.py:92} INFO - [0m19:49:37  Found 6 models, 9 tests, 0 snapshots, 0 analyses, 523 macros, 0 operations, 0 seed files, 3 sources, 1 exposure, 0 metrics
[2022-08-21 19:49:37,833] {subprocess.py:92} INFO - [0m19:49:37
[2022-08-21 19:49:39,006] {subprocess.py:92} INFO - [0m19:49:39  Concurrency: 5 threads (target='dbt_x_airflow')
[2022-08-21 19:49:39,007] {subprocess.py:92} INFO - [0m19:49:39
[2022-08-21 19:49:39,018] {subprocess.py:92} INFO - [0m19:49:39  1 of 6 START table model dbt_x_airflow.agg_transactions ........................ [RUN]
[2022-08-21 19:49:39,019] {subprocess.py:92} INFO - [0m19:49:39  2 of 6 START view model dbt_x_airflow.stg_customers ............................ [RUN]
[2022-08-21 19:49:39,020] {subprocess.py:92} INFO - [0m19:49:39  3 of 6 START view model dbt_x_airflow.stg_orders ............................... [RUN]
[2022-08-21 19:49:39,021] {subprocess.py:92} INFO - [0m19:49:39  4 of 6 START view model dbt_x_airflow.stg_payments ............................. [RUN]
[2022-08-21 19:49:40,343] {subprocess.py:92} INFO - [0m19:49:40  2 of 6 OK created view model dbt_x_airflow.stg_customers ....................... [[32mOK[0m in 1.32s]
[2022-08-21 19:49:40,368] {subprocess.py:92} INFO - [0m19:49:40  4 of 6 OK created view model dbt_x_airflow.stg_payments ........................ [[32mOK[0m in 1.34s]
[2022-08-21 19:49:40,372] {subprocess.py:92} INFO - [0m19:49:40  5 of 6 START table model dbt_x_airflow.pivoted_orders .......................... [RUN]
[2022-08-21 19:49:40,428] {subprocess.py:92} INFO - [0m19:49:40  3 of 6 OK created view model dbt_x_airflow.stg_orders .......................... [[32mOK[0m in 1.41s]
[2022-08-21 19:49:40,432] {subprocess.py:92} INFO - [0m19:49:40  6 of 6 START table model dbt_x_airflow.dim_customers ........................... [RUN]
[2022-08-21 19:49:42,300] {subprocess.py:92} INFO - [0m19:49:42  1 of 6 OK created table model dbt_x_airflow.agg_transactions ................... [[32mCREATE TABLE (96.0 rows, 2.4 KB processed)[0m in 3.28s]
[2022-08-21 19:49:43,758] {subprocess.py:92} INFO - [0m19:49:43  5 of 6 OK created table model dbt_x_airflow.pivoted_orders ..................... [[32mCREATE TABLE (99.0 rows, 4.4 KB processed)[0m in 3.38s]
[2022-08-21 19:49:43,873] {subprocess.py:92} INFO - [0m19:49:43  6 of 6 OK created table model dbt_x_airflow.dim_customers ...................... [[32mCREATE TABLE (100.0 rows, 4.3 KB processed)[0m in 3.44s]
[2022-08-21 19:49:43,879] {subprocess.py:92} INFO - [0m19:49:43
[2022-08-21 19:49:43,880] {subprocess.py:92} INFO - [0m19:49:43  Finished running 3 view models, 3 table models in 0 hours 0 minutes and 6.04 seconds (6.04s).
[2022-08-21 19:49:43,907] {subprocess.py:92} INFO - [0m19:49:43
[2022-08-21 19:49:43,908] {subprocess.py:92} INFO - [0m19:49:43  [32mCompleted successfully[0m
[2022-08-21 19:49:43,910] {subprocess.py:92} INFO - [0m19:49:43
[2022-08-21 19:49:43,911] {subprocess.py:92} INFO - [0m19:49:43  Done. PASS=6 WARN=0 ERROR=0 SKIP=0 TOTAL=6
[2022-08-21 19:49:44,557] {subprocess.py:96} INFO - Command exited with return code 0
[2022-08-21 19:49:44,609] {taskinstance.py:1415} INFO - Marking task as SUCCESS. dag_id=dbt_dag, task_id=dbt_run, execution_date=20220819T000000, start_date=20220821T194932, end_date=20220821T194944
[2022-08-21 19:49:44,649] {local_task_job.py:156} INFO - Task exited with return code 0
[2022-08-21 19:49:44,705] {local_task_job.py:273} INFO - 1 downstream tasks scheduled from follow-on schedule check
