[2022-08-21 19:49:03,119] {taskinstance.py:1179} INFO - Dependencies all met for <TaskInstance: dbt_dag.deps_check scheduled__2022-08-19T00:00:00+00:00 [queued]>
[2022-08-21 19:49:03,132] {taskinstance.py:1179} INFO - Dependencies all met for <TaskInstance: dbt_dag.deps_check scheduled__2022-08-19T00:00:00+00:00 [queued]>
[2022-08-21 19:49:03,132] {taskinstance.py:1376} INFO - 
--------------------------------------------------------------------------------
[2022-08-21 19:49:03,132] {taskinstance.py:1377} INFO - Starting attempt 1 of 1
[2022-08-21 19:49:03,133] {taskinstance.py:1378} INFO - 
--------------------------------------------------------------------------------
[2022-08-21 19:49:03,159] {taskinstance.py:1397} INFO - Executing <Task(BashOperator): deps_check> on 2022-08-19 00:00:00+00:00
[2022-08-21 19:49:03,160] {standard_task_runner.py:52} INFO - Started process 59 to run task
[2022-08-21 19:49:03,163] {standard_task_runner.py:79} INFO - Running: ['airflow', 'tasks', 'run', 'dbt_dag', 'deps_check', 'scheduled__2022-08-19T00:00:00+00:00', '--job-id', '5', '--raw', '--subdir', 'DAGS_FOLDER/dbt_project.py', '--cfg-path', '/tmp/tmpyhir8szo', '--error-file', '/tmp/tmpljm_5q7m']
[2022-08-21 19:49:03,164] {standard_task_runner.py:80} INFO - Job 5: Subtask deps_check
[2022-08-21 19:49:03,240] {task_command.py:371} INFO - Running <TaskInstance: dbt_dag.deps_check scheduled__2022-08-19T00:00:00+00:00 [running]> on host 5ce0005a4e16
[2022-08-21 19:49:03,337] {taskinstance.py:1589} INFO - Exporting the following env vars:
AIRFLOW_CTX_DAG_OWNER=airflow
AIRFLOW_CTX_DAG_ID=dbt_dag
AIRFLOW_CTX_TASK_ID=deps_check
AIRFLOW_CTX_EXECUTION_DATE=2022-08-19T00:00:00+00:00
AIRFLOW_CTX_TRY_NUMBER=1
AIRFLOW_CTX_DAG_RUN_ID=scheduled__2022-08-19T00:00:00+00:00
[2022-08-21 19:49:03,338] {subprocess.py:62} INFO - Tmp dir root location: 
 /tmp
[2022-08-21 19:49:03,339] {subprocess.py:74} INFO - Running command: ['bash', '-c', 'dbt --version && airflow version']
[2022-08-21 19:49:03,342] {subprocess.py:85} INFO - Output:
[2022-08-21 19:49:06,413] {subprocess.py:92} INFO - Core:
[2022-08-21 19:49:06,413] {subprocess.py:92} INFO -   - installed: 1.2.0
[2022-08-21 19:49:06,414] {subprocess.py:92} INFO -   - latest:    1.2.0 - [32mUp to date![0m
[2022-08-21 19:49:06,414] {subprocess.py:92} INFO - 
[2022-08-21 19:49:06,415] {subprocess.py:92} INFO - Plugins:
[2022-08-21 19:49:06,415] {subprocess.py:92} INFO -   - bigquery: 1.2.0 - [32mUp to date![0m
[2022-08-21 19:49:06,929] {subprocess.py:92} INFO - 2.3.3
[2022-08-21 19:49:06,977] {subprocess.py:96} INFO - Command exited with return code 0
[2022-08-21 19:49:07,030] {taskinstance.py:1415} INFO - Marking task as SUCCESS. dag_id=dbt_dag, task_id=deps_check, execution_date=20220819T000000, start_date=20220821T194903, end_date=20220821T194907
[2022-08-21 19:49:07,071] {local_task_job.py:156} INFO - Task exited with return code 0
[2022-08-21 19:49:07,124] {local_task_job.py:273} INFO - 1 downstream tasks scheduled from follow-on schedule check
