[2022-08-21 19:48:08,478] {processor.py:153} INFO - Started process (PID=21) to work on /dbt-airflow/airflow/dags/dbt_project.py
[2022-08-21 19:48:08,478] {processor.py:641} INFO - Processing file /dbt-airflow/airflow/dags/dbt_project.py for tasks to queue
[2022-08-21 19:48:08,479] {logging_mixin.py:115} INFO - [2022-08-21 19:48:08,479] {dagbag.py:508} INFO - Filling up the DagBag from /dbt-airflow/airflow/dags/dbt_project.py
[2022-08-21 19:48:08,509] {processor.py:651} INFO - DAG(s) dict_keys(['dbt_dag']) retrieved from /dbt-airflow/airflow/dags/dbt_project.py
[2022-08-21 19:48:08,609] {logging_mixin.py:115} INFO - [2022-08-21 19:48:08,608] {manager.py:508} INFO - Created Permission View: can edit on DAG:dbt_dag
[2022-08-21 19:48:08,639] {logging_mixin.py:115} INFO - [2022-08-21 19:48:08,639] {manager.py:508} INFO - Created Permission View: can delete on DAG:dbt_dag
[2022-08-21 19:48:08,670] {logging_mixin.py:115} INFO - [2022-08-21 19:48:08,670] {manager.py:508} INFO - Created Permission View: can read on DAG:dbt_dag
[2022-08-21 19:48:08,671] {logging_mixin.py:115} INFO - [2022-08-21 19:48:08,671] {dag.py:2420} INFO - Sync 1 DAGs
[2022-08-21 19:48:08,685] {logging_mixin.py:115} INFO - [2022-08-21 19:48:08,685] {dag.py:2439} INFO - Creating ORM DAG for dbt_dag
[2022-08-21 19:48:08,696] {logging_mixin.py:115} INFO - [2022-08-21 19:48:08,696] {dag.py:2968} INFO - Setting next_dagrun for dbt_dag to 2022-08-17T00:00:00+00:00, run_after=2022-08-18T00:00:00+00:00
[2022-08-21 19:48:08,738] {processor.py:161} INFO - Processing /dbt-airflow/airflow/dags/dbt_project.py took 0.262 seconds
[2022-08-21 19:48:40,899] {processor.py:153} INFO - Started process (PID=26) to work on /dbt-airflow/airflow/dags/dbt_project.py
[2022-08-21 19:48:40,900] {processor.py:641} INFO - Processing file /dbt-airflow/airflow/dags/dbt_project.py for tasks to queue
[2022-08-21 19:48:40,901] {logging_mixin.py:115} INFO - [2022-08-21 19:48:40,900] {dagbag.py:508} INFO - Filling up the DagBag from /dbt-airflow/airflow/dags/dbt_project.py
[2022-08-21 19:48:40,923] {processor.py:651} INFO - DAG(s) dict_keys(['dbt_dag']) retrieved from /dbt-airflow/airflow/dags/dbt_project.py
[2022-08-21 19:48:40,949] {logging_mixin.py:115} INFO - [2022-08-21 19:48:40,949] {dag.py:2420} INFO - Sync 1 DAGs
[2022-08-21 19:48:40,972] {logging_mixin.py:115} INFO - [2022-08-21 19:48:40,972] {dag.py:2968} INFO - Setting next_dagrun for dbt_dag to 2022-08-18T00:00:00+00:00, run_after=2022-08-19T00:00:00+00:00
[2022-08-21 19:48:41,009] {processor.py:161} INFO - Processing /dbt-airflow/airflow/dags/dbt_project.py took 0.112 seconds
[2022-08-21 19:49:31,663] {processor.py:153} INFO - Started process (PID=91) to work on /dbt-airflow/airflow/dags/dbt_project.py
[2022-08-21 19:49:31,664] {processor.py:641} INFO - Processing file /dbt-airflow/airflow/dags/dbt_project.py for tasks to queue
[2022-08-21 19:49:31,665] {logging_mixin.py:115} INFO - [2022-08-21 19:49:31,664] {dagbag.py:508} INFO - Filling up the DagBag from /dbt-airflow/airflow/dags/dbt_project.py
[2022-08-21 19:49:31,687] {processor.py:651} INFO - DAG(s) dict_keys(['dbt_dag']) retrieved from /dbt-airflow/airflow/dags/dbt_project.py
[2022-08-21 19:49:31,712] {logging_mixin.py:115} INFO - [2022-08-21 19:49:31,712] {dag.py:2420} INFO - Sync 1 DAGs
[2022-08-21 19:49:31,737] {logging_mixin.py:115} INFO - [2022-08-21 19:49:31,737] {dag.py:2968} INFO - Setting next_dagrun for dbt_dag to None, run_after=None
[2022-08-21 19:49:31,776] {processor.py:161} INFO - Processing /dbt-airflow/airflow/dags/dbt_project.py took 0.116 seconds
[2022-08-21 19:50:09,701] {processor.py:153} INFO - Started process (PID=138) to work on /dbt-airflow/airflow/dags/dbt_project.py
[2022-08-21 19:50:09,702] {processor.py:641} INFO - Processing file /dbt-airflow/airflow/dags/dbt_project.py for tasks to queue
[2022-08-21 19:50:09,702] {logging_mixin.py:115} INFO - [2022-08-21 19:50:09,702] {dagbag.py:508} INFO - Filling up the DagBag from /dbt-airflow/airflow/dags/dbt_project.py
[2022-08-21 19:50:09,724] {processor.py:651} INFO - DAG(s) dict_keys(['dbt_dag']) retrieved from /dbt-airflow/airflow/dags/dbt_project.py
[2022-08-21 19:50:09,750] {logging_mixin.py:115} INFO - [2022-08-21 19:50:09,750] {dag.py:2420} INFO - Sync 1 DAGs
[2022-08-21 19:50:09,773] {logging_mixin.py:115} INFO - [2022-08-21 19:50:09,773] {dag.py:2968} INFO - Setting next_dagrun for dbt_dag to None, run_after=None
[2022-08-21 19:50:09,817] {processor.py:161} INFO - Processing /dbt-airflow/airflow/dags/dbt_project.py took 0.118 seconds
[2022-08-21 19:50:45,119] {processor.py:153} INFO - Started process (PID=187) to work on /dbt-airflow/airflow/dags/dbt_project.py
[2022-08-21 19:50:45,120] {processor.py:641} INFO - Processing file /dbt-airflow/airflow/dags/dbt_project.py for tasks to queue
[2022-08-21 19:50:45,120] {logging_mixin.py:115} INFO - [2022-08-21 19:50:45,120] {dagbag.py:508} INFO - Filling up the DagBag from /dbt-airflow/airflow/dags/dbt_project.py
[2022-08-21 19:50:45,142] {processor.py:651} INFO - DAG(s) dict_keys(['dbt_dag']) retrieved from /dbt-airflow/airflow/dags/dbt_project.py
[2022-08-21 19:50:45,167] {logging_mixin.py:115} INFO - [2022-08-21 19:50:45,166] {dag.py:2420} INFO - Sync 1 DAGs
[2022-08-21 19:50:45,190] {logging_mixin.py:115} INFO - [2022-08-21 19:50:45,190] {dag.py:2968} INFO - Setting next_dagrun for dbt_dag to None, run_after=None
[2022-08-21 19:50:45,230] {processor.py:161} INFO - Processing /dbt-airflow/airflow/dags/dbt_project.py took 0.113 seconds
[2022-08-21 19:51:15,668] {processor.py:153} INFO - Started process (PID=188) to work on /dbt-airflow/airflow/dags/dbt_project.py
[2022-08-21 19:51:15,668] {processor.py:641} INFO - Processing file /dbt-airflow/airflow/dags/dbt_project.py for tasks to queue
[2022-08-21 19:51:15,669] {logging_mixin.py:115} INFO - [2022-08-21 19:51:15,669] {dagbag.py:508} INFO - Filling up the DagBag from /dbt-airflow/airflow/dags/dbt_project.py
[2022-08-21 19:51:15,688] {processor.py:651} INFO - DAG(s) dict_keys(['dbt_dag']) retrieved from /dbt-airflow/airflow/dags/dbt_project.py
[2022-08-21 19:51:15,710] {logging_mixin.py:115} INFO - [2022-08-21 19:51:15,710] {dag.py:2420} INFO - Sync 1 DAGs
[2022-08-21 19:51:15,732] {logging_mixin.py:115} INFO - [2022-08-21 19:51:15,732] {dag.py:2968} INFO - Setting next_dagrun for dbt_dag to None, run_after=None
[2022-08-21 19:51:15,770] {processor.py:161} INFO - Processing /dbt-airflow/airflow/dags/dbt_project.py took 0.104 seconds
[2022-08-21 19:51:46,551] {processor.py:153} INFO - Started process (PID=189) to work on /dbt-airflow/airflow/dags/dbt_project.py
[2022-08-21 19:51:46,551] {processor.py:641} INFO - Processing file /dbt-airflow/airflow/dags/dbt_project.py for tasks to queue
[2022-08-21 19:51:46,552] {logging_mixin.py:115} INFO - [2022-08-21 19:51:46,552] {dagbag.py:508} INFO - Filling up the DagBag from /dbt-airflow/airflow/dags/dbt_project.py
[2022-08-21 19:51:46,573] {processor.py:651} INFO - DAG(s) dict_keys(['dbt_dag']) retrieved from /dbt-airflow/airflow/dags/dbt_project.py
[2022-08-21 19:51:46,594] {logging_mixin.py:115} INFO - [2022-08-21 19:51:46,594] {dag.py:2420} INFO - Sync 1 DAGs
[2022-08-21 19:51:46,615] {logging_mixin.py:115} INFO - [2022-08-21 19:51:46,615] {dag.py:2968} INFO - Setting next_dagrun for dbt_dag to None, run_after=None
[2022-08-21 19:51:46,657] {processor.py:161} INFO - Processing /dbt-airflow/airflow/dags/dbt_project.py took 0.109 seconds
[2022-08-21 19:52:16,781] {processor.py:153} INFO - Started process (PID=190) to work on /dbt-airflow/airflow/dags/dbt_project.py
[2022-08-21 19:52:16,782] {processor.py:641} INFO - Processing file /dbt-airflow/airflow/dags/dbt_project.py for tasks to queue
[2022-08-21 19:52:16,783] {logging_mixin.py:115} INFO - [2022-08-21 19:52:16,782] {dagbag.py:508} INFO - Filling up the DagBag from /dbt-airflow/airflow/dags/dbt_project.py
[2022-08-21 19:52:16,803] {processor.py:651} INFO - DAG(s) dict_keys(['dbt_dag']) retrieved from /dbt-airflow/airflow/dags/dbt_project.py
[2022-08-21 19:52:16,825] {logging_mixin.py:115} INFO - [2022-08-21 19:52:16,825] {dag.py:2420} INFO - Sync 1 DAGs
[2022-08-21 19:52:16,847] {logging_mixin.py:115} INFO - [2022-08-21 19:52:16,847] {dag.py:2968} INFO - Setting next_dagrun for dbt_dag to None, run_after=None
[2022-08-21 19:52:16,888] {processor.py:161} INFO - Processing /dbt-airflow/airflow/dags/dbt_project.py took 0.109 seconds
[2022-08-21 19:52:46,995] {processor.py:153} INFO - Started process (PID=191) to work on /dbt-airflow/airflow/dags/dbt_project.py
[2022-08-21 19:52:46,996] {processor.py:641} INFO - Processing file /dbt-airflow/airflow/dags/dbt_project.py for tasks to queue
[2022-08-21 19:52:46,996] {logging_mixin.py:115} INFO - [2022-08-21 19:52:46,996] {dagbag.py:508} INFO - Filling up the DagBag from /dbt-airflow/airflow/dags/dbt_project.py
[2022-08-21 19:52:47,016] {processor.py:651} INFO - DAG(s) dict_keys(['dbt_dag']) retrieved from /dbt-airflow/airflow/dags/dbt_project.py
[2022-08-21 19:52:47,039] {logging_mixin.py:115} INFO - [2022-08-21 19:52:47,038] {dag.py:2420} INFO - Sync 1 DAGs
[2022-08-21 19:52:47,061] {logging_mixin.py:115} INFO - [2022-08-21 19:52:47,061] {dag.py:2968} INFO - Setting next_dagrun for dbt_dag to None, run_after=None
[2022-08-21 19:52:47,102] {processor.py:161} INFO - Processing /dbt-airflow/airflow/dags/dbt_project.py took 0.109 seconds
[2022-08-21 19:53:17,247] {processor.py:153} INFO - Started process (PID=192) to work on /dbt-airflow/airflow/dags/dbt_project.py
[2022-08-21 19:53:17,248] {processor.py:641} INFO - Processing file /dbt-airflow/airflow/dags/dbt_project.py for tasks to queue
[2022-08-21 19:53:17,248] {logging_mixin.py:115} INFO - [2022-08-21 19:53:17,248] {dagbag.py:508} INFO - Filling up the DagBag from /dbt-airflow/airflow/dags/dbt_project.py
[2022-08-21 19:53:17,268] {processor.py:651} INFO - DAG(s) dict_keys(['dbt_dag']) retrieved from /dbt-airflow/airflow/dags/dbt_project.py
[2022-08-21 19:53:17,291] {logging_mixin.py:115} INFO - [2022-08-21 19:53:17,291] {dag.py:2420} INFO - Sync 1 DAGs
[2022-08-21 19:53:17,314] {logging_mixin.py:115} INFO - [2022-08-21 19:53:17,314] {dag.py:2968} INFO - Setting next_dagrun for dbt_dag to None, run_after=None
[2022-08-21 19:53:17,350] {processor.py:161} INFO - Processing /dbt-airflow/airflow/dags/dbt_project.py took 0.105 seconds
[2022-08-21 19:53:47,479] {processor.py:153} INFO - Started process (PID=193) to work on /dbt-airflow/airflow/dags/dbt_project.py
[2022-08-21 19:53:47,480] {processor.py:641} INFO - Processing file /dbt-airflow/airflow/dags/dbt_project.py for tasks to queue
[2022-08-21 19:53:47,481] {logging_mixin.py:115} INFO - [2022-08-21 19:53:47,480] {dagbag.py:508} INFO - Filling up the DagBag from /dbt-airflow/airflow/dags/dbt_project.py
[2022-08-21 19:53:47,506] {processor.py:651} INFO - DAG(s) dict_keys(['dbt_dag']) retrieved from /dbt-airflow/airflow/dags/dbt_project.py
[2022-08-21 19:53:47,533] {logging_mixin.py:115} INFO - [2022-08-21 19:53:47,533] {dag.py:2420} INFO - Sync 1 DAGs
[2022-08-21 19:53:47,556] {logging_mixin.py:115} INFO - [2022-08-21 19:53:47,556] {dag.py:2968} INFO - Setting next_dagrun for dbt_dag to None, run_after=None
[2022-08-21 19:53:47,597] {processor.py:161} INFO - Processing /dbt-airflow/airflow/dags/dbt_project.py took 0.120 seconds
[2022-08-21 19:54:17,726] {processor.py:153} INFO - Started process (PID=194) to work on /dbt-airflow/airflow/dags/dbt_project.py
[2022-08-21 19:54:17,727] {processor.py:641} INFO - Processing file /dbt-airflow/airflow/dags/dbt_project.py for tasks to queue
[2022-08-21 19:54:17,728] {logging_mixin.py:115} INFO - [2022-08-21 19:54:17,728] {dagbag.py:508} INFO - Filling up the DagBag from /dbt-airflow/airflow/dags/dbt_project.py
[2022-08-21 19:54:17,746] {processor.py:651} INFO - DAG(s) dict_keys(['dbt_dag']) retrieved from /dbt-airflow/airflow/dags/dbt_project.py
[2022-08-21 19:54:17,768] {logging_mixin.py:115} INFO - [2022-08-21 19:54:17,768] {dag.py:2420} INFO - Sync 1 DAGs
[2022-08-21 19:54:17,790] {logging_mixin.py:115} INFO - [2022-08-21 19:54:17,790] {dag.py:2968} INFO - Setting next_dagrun for dbt_dag to None, run_after=None
[2022-08-21 19:54:17,827] {processor.py:161} INFO - Processing /dbt-airflow/airflow/dags/dbt_project.py took 0.102 seconds
[2022-08-21 19:54:48,005] {processor.py:153} INFO - Started process (PID=195) to work on /dbt-airflow/airflow/dags/dbt_project.py
[2022-08-21 19:54:48,005] {processor.py:641} INFO - Processing file /dbt-airflow/airflow/dags/dbt_project.py for tasks to queue
[2022-08-21 19:54:48,006] {logging_mixin.py:115} INFO - [2022-08-21 19:54:48,006] {dagbag.py:508} INFO - Filling up the DagBag from /dbt-airflow/airflow/dags/dbt_project.py
[2022-08-21 19:54:48,026] {processor.py:651} INFO - DAG(s) dict_keys(['dbt_dag']) retrieved from /dbt-airflow/airflow/dags/dbt_project.py
[2022-08-21 19:54:48,051] {logging_mixin.py:115} INFO - [2022-08-21 19:54:48,051] {dag.py:2420} INFO - Sync 1 DAGs
[2022-08-21 19:54:48,078] {logging_mixin.py:115} INFO - [2022-08-21 19:54:48,078] {dag.py:2968} INFO - Setting next_dagrun for dbt_dag to None, run_after=None
[2022-08-21 19:54:48,122] {processor.py:161} INFO - Processing /dbt-airflow/airflow/dags/dbt_project.py took 0.120 seconds
[2022-08-21 19:55:18,245] {processor.py:153} INFO - Started process (PID=196) to work on /dbt-airflow/airflow/dags/dbt_project.py
[2022-08-21 19:55:18,245] {processor.py:641} INFO - Processing file /dbt-airflow/airflow/dags/dbt_project.py for tasks to queue
[2022-08-21 19:55:18,246] {logging_mixin.py:115} INFO - [2022-08-21 19:55:18,246] {dagbag.py:508} INFO - Filling up the DagBag from /dbt-airflow/airflow/dags/dbt_project.py
[2022-08-21 19:55:18,263] {processor.py:651} INFO - DAG(s) dict_keys(['dbt_dag']) retrieved from /dbt-airflow/airflow/dags/dbt_project.py
[2022-08-21 19:55:18,285] {logging_mixin.py:115} INFO - [2022-08-21 19:55:18,285] {dag.py:2420} INFO - Sync 1 DAGs
[2022-08-21 19:55:18,305] {logging_mixin.py:115} INFO - [2022-08-21 19:55:18,305] {dag.py:2968} INFO - Setting next_dagrun for dbt_dag to None, run_after=None
[2022-08-21 19:55:18,344] {processor.py:161} INFO - Processing /dbt-airflow/airflow/dags/dbt_project.py took 0.102 seconds
[2022-08-21 19:55:48,480] {processor.py:153} INFO - Started process (PID=197) to work on /dbt-airflow/airflow/dags/dbt_project.py
[2022-08-21 19:55:48,481] {processor.py:641} INFO - Processing file /dbt-airflow/airflow/dags/dbt_project.py for tasks to queue
[2022-08-21 19:55:48,481] {logging_mixin.py:115} INFO - [2022-08-21 19:55:48,481] {dagbag.py:508} INFO - Filling up the DagBag from /dbt-airflow/airflow/dags/dbt_project.py
[2022-08-21 19:55:48,501] {processor.py:651} INFO - DAG(s) dict_keys(['dbt_dag']) retrieved from /dbt-airflow/airflow/dags/dbt_project.py
[2022-08-21 19:55:48,526] {logging_mixin.py:115} INFO - [2022-08-21 19:55:48,526] {dag.py:2420} INFO - Sync 1 DAGs
[2022-08-21 19:55:48,548] {logging_mixin.py:115} INFO - [2022-08-21 19:55:48,548] {dag.py:2968} INFO - Setting next_dagrun for dbt_dag to None, run_after=None
[2022-08-21 19:55:48,589] {processor.py:161} INFO - Processing /dbt-airflow/airflow/dags/dbt_project.py took 0.111 seconds
[2022-08-21 19:56:19,088] {processor.py:153} INFO - Started process (PID=198) to work on /dbt-airflow/airflow/dags/dbt_project.py
[2022-08-21 19:56:19,088] {processor.py:641} INFO - Processing file /dbt-airflow/airflow/dags/dbt_project.py for tasks to queue
[2022-08-21 19:56:19,089] {logging_mixin.py:115} INFO - [2022-08-21 19:56:19,089] {dagbag.py:508} INFO - Filling up the DagBag from /dbt-airflow/airflow/dags/dbt_project.py
[2022-08-21 19:56:19,109] {processor.py:651} INFO - DAG(s) dict_keys(['dbt_dag']) retrieved from /dbt-airflow/airflow/dags/dbt_project.py
[2022-08-21 19:56:19,134] {logging_mixin.py:115} INFO - [2022-08-21 19:56:19,134] {dag.py:2420} INFO - Sync 1 DAGs
[2022-08-21 19:56:19,158] {logging_mixin.py:115} INFO - [2022-08-21 19:56:19,158] {dag.py:2968} INFO - Setting next_dagrun for dbt_dag to None, run_after=None
[2022-08-21 19:56:19,196] {processor.py:161} INFO - Processing /dbt-airflow/airflow/dags/dbt_project.py took 0.110 seconds
[2022-08-21 19:56:49,796] {processor.py:153} INFO - Started process (PID=199) to work on /dbt-airflow/airflow/dags/dbt_project.py
[2022-08-21 19:56:49,797] {processor.py:641} INFO - Processing file /dbt-airflow/airflow/dags/dbt_project.py for tasks to queue
[2022-08-21 19:56:49,798] {logging_mixin.py:115} INFO - [2022-08-21 19:56:49,798] {dagbag.py:508} INFO - Filling up the DagBag from /dbt-airflow/airflow/dags/dbt_project.py
[2022-08-21 19:56:49,817] {processor.py:651} INFO - DAG(s) dict_keys(['dbt_dag']) retrieved from /dbt-airflow/airflow/dags/dbt_project.py
[2022-08-21 19:56:49,843] {logging_mixin.py:115} INFO - [2022-08-21 19:56:49,843] {dag.py:2420} INFO - Sync 1 DAGs
[2022-08-21 19:56:49,865] {logging_mixin.py:115} INFO - [2022-08-21 19:56:49,864] {dag.py:2968} INFO - Setting next_dagrun for dbt_dag to None, run_after=None
[2022-08-21 19:56:49,902] {processor.py:161} INFO - Processing /dbt-airflow/airflow/dags/dbt_project.py took 0.108 seconds
[2022-08-21 19:57:20,161] {processor.py:153} INFO - Started process (PID=200) to work on /dbt-airflow/airflow/dags/dbt_project.py
[2022-08-21 19:57:20,162] {processor.py:641} INFO - Processing file /dbt-airflow/airflow/dags/dbt_project.py for tasks to queue
[2022-08-21 19:57:20,162] {logging_mixin.py:115} INFO - [2022-08-21 19:57:20,162] {dagbag.py:508} INFO - Filling up the DagBag from /dbt-airflow/airflow/dags/dbt_project.py
[2022-08-21 19:57:20,181] {processor.py:651} INFO - DAG(s) dict_keys(['dbt_dag']) retrieved from /dbt-airflow/airflow/dags/dbt_project.py
[2022-08-21 19:57:20,203] {logging_mixin.py:115} INFO - [2022-08-21 19:57:20,203] {dag.py:2420} INFO - Sync 1 DAGs
[2022-08-21 19:57:20,224] {logging_mixin.py:115} INFO - [2022-08-21 19:57:20,224] {dag.py:2968} INFO - Setting next_dagrun for dbt_dag to None, run_after=None
[2022-08-21 19:57:20,264] {processor.py:161} INFO - Processing /dbt-airflow/airflow/dags/dbt_project.py took 0.105 seconds
[2022-08-21 19:57:50,535] {processor.py:153} INFO - Started process (PID=201) to work on /dbt-airflow/airflow/dags/dbt_project.py
[2022-08-21 19:57:50,535] {processor.py:641} INFO - Processing file /dbt-airflow/airflow/dags/dbt_project.py for tasks to queue
[2022-08-21 19:57:50,536] {logging_mixin.py:115} INFO - [2022-08-21 19:57:50,536] {dagbag.py:508} INFO - Filling up the DagBag from /dbt-airflow/airflow/dags/dbt_project.py
[2022-08-21 19:57:50,556] {processor.py:651} INFO - DAG(s) dict_keys(['dbt_dag']) retrieved from /dbt-airflow/airflow/dags/dbt_project.py
[2022-08-21 19:57:50,582] {logging_mixin.py:115} INFO - [2022-08-21 19:57:50,582] {dag.py:2420} INFO - Sync 1 DAGs
[2022-08-21 19:57:50,605] {logging_mixin.py:115} INFO - [2022-08-21 19:57:50,605] {dag.py:2968} INFO - Setting next_dagrun for dbt_dag to None, run_after=None
[2022-08-21 19:57:50,644] {processor.py:161} INFO - Processing /dbt-airflow/airflow/dags/dbt_project.py took 0.112 seconds
[2022-08-21 19:58:20,897] {processor.py:153} INFO - Started process (PID=202) to work on /dbt-airflow/airflow/dags/dbt_project.py
[2022-08-21 19:58:20,898] {processor.py:641} INFO - Processing file /dbt-airflow/airflow/dags/dbt_project.py for tasks to queue
[2022-08-21 19:58:20,898] {logging_mixin.py:115} INFO - [2022-08-21 19:58:20,898] {dagbag.py:508} INFO - Filling up the DagBag from /dbt-airflow/airflow/dags/dbt_project.py
[2022-08-21 19:58:20,918] {processor.py:651} INFO - DAG(s) dict_keys(['dbt_dag']) retrieved from /dbt-airflow/airflow/dags/dbt_project.py
[2022-08-21 19:58:20,941] {logging_mixin.py:115} INFO - [2022-08-21 19:58:20,941] {dag.py:2420} INFO - Sync 1 DAGs
[2022-08-21 19:58:20,963] {logging_mixin.py:115} INFO - [2022-08-21 19:58:20,963] {dag.py:2968} INFO - Setting next_dagrun for dbt_dag to None, run_after=None
[2022-08-21 19:58:21,000] {processor.py:161} INFO - Processing /dbt-airflow/airflow/dags/dbt_project.py took 0.106 seconds
[2022-08-21 19:58:51,273] {processor.py:153} INFO - Started process (PID=203) to work on /dbt-airflow/airflow/dags/dbt_project.py
[2022-08-21 19:58:51,273] {processor.py:641} INFO - Processing file /dbt-airflow/airflow/dags/dbt_project.py for tasks to queue
[2022-08-21 19:58:51,274] {logging_mixin.py:115} INFO - [2022-08-21 19:58:51,274] {dagbag.py:508} INFO - Filling up the DagBag from /dbt-airflow/airflow/dags/dbt_project.py
[2022-08-21 19:58:51,294] {processor.py:651} INFO - DAG(s) dict_keys(['dbt_dag']) retrieved from /dbt-airflow/airflow/dags/dbt_project.py
[2022-08-21 19:58:51,319] {logging_mixin.py:115} INFO - [2022-08-21 19:58:51,319] {dag.py:2420} INFO - Sync 1 DAGs
[2022-08-21 19:58:51,344] {logging_mixin.py:115} INFO - [2022-08-21 19:58:51,344] {dag.py:2968} INFO - Setting next_dagrun for dbt_dag to None, run_after=None
[2022-08-21 19:58:51,381] {processor.py:161} INFO - Processing /dbt-airflow/airflow/dags/dbt_project.py took 0.111 seconds
[2022-08-21 19:59:21,670] {processor.py:153} INFO - Started process (PID=204) to work on /dbt-airflow/airflow/dags/dbt_project.py
[2022-08-21 19:59:21,670] {processor.py:641} INFO - Processing file /dbt-airflow/airflow/dags/dbt_project.py for tasks to queue
[2022-08-21 19:59:21,671] {logging_mixin.py:115} INFO - [2022-08-21 19:59:21,671] {dagbag.py:508} INFO - Filling up the DagBag from /dbt-airflow/airflow/dags/dbt_project.py
[2022-08-21 19:59:21,693] {processor.py:651} INFO - DAG(s) dict_keys(['dbt_dag']) retrieved from /dbt-airflow/airflow/dags/dbt_project.py
[2022-08-21 19:59:21,717] {logging_mixin.py:115} INFO - [2022-08-21 19:59:21,717] {dag.py:2420} INFO - Sync 1 DAGs
[2022-08-21 19:59:21,742] {logging_mixin.py:115} INFO - [2022-08-21 19:59:21,742] {dag.py:2968} INFO - Setting next_dagrun for dbt_dag to None, run_after=None
[2022-08-21 19:59:21,782] {processor.py:161} INFO - Processing /dbt-airflow/airflow/dags/dbt_project.py took 0.115 seconds
[2022-08-21 19:59:52,003] {processor.py:153} INFO - Started process (PID=205) to work on /dbt-airflow/airflow/dags/dbt_project.py
[2022-08-21 19:59:52,003] {processor.py:641} INFO - Processing file /dbt-airflow/airflow/dags/dbt_project.py for tasks to queue
[2022-08-21 19:59:52,004] {logging_mixin.py:115} INFO - [2022-08-21 19:59:52,004] {dagbag.py:508} INFO - Filling up the DagBag from /dbt-airflow/airflow/dags/dbt_project.py
[2022-08-21 19:59:52,023] {processor.py:651} INFO - DAG(s) dict_keys(['dbt_dag']) retrieved from /dbt-airflow/airflow/dags/dbt_project.py
[2022-08-21 19:59:52,047] {logging_mixin.py:115} INFO - [2022-08-21 19:59:52,047] {dag.py:2420} INFO - Sync 1 DAGs
[2022-08-21 19:59:52,070] {logging_mixin.py:115} INFO - [2022-08-21 19:59:52,070] {dag.py:2968} INFO - Setting next_dagrun for dbt_dag to None, run_after=None
[2022-08-21 19:59:52,115] {processor.py:161} INFO - Processing /dbt-airflow/airflow/dags/dbt_project.py took 0.115 seconds
[2022-08-21 20:00:22,356] {processor.py:153} INFO - Started process (PID=206) to work on /dbt-airflow/airflow/dags/dbt_project.py
[2022-08-21 20:00:22,357] {processor.py:641} INFO - Processing file /dbt-airflow/airflow/dags/dbt_project.py for tasks to queue
[2022-08-21 20:00:22,358] {logging_mixin.py:115} INFO - [2022-08-21 20:00:22,358] {dagbag.py:508} INFO - Filling up the DagBag from /dbt-airflow/airflow/dags/dbt_project.py
[2022-08-21 20:00:22,379] {processor.py:651} INFO - DAG(s) dict_keys(['dbt_dag']) retrieved from /dbt-airflow/airflow/dags/dbt_project.py
[2022-08-21 20:00:22,403] {logging_mixin.py:115} INFO - [2022-08-21 20:00:22,403] {dag.py:2420} INFO - Sync 1 DAGs
[2022-08-21 20:00:22,425] {logging_mixin.py:115} INFO - [2022-08-21 20:00:22,425] {dag.py:2968} INFO - Setting next_dagrun for dbt_dag to None, run_after=None
[2022-08-21 20:00:22,463] {processor.py:161} INFO - Processing /dbt-airflow/airflow/dags/dbt_project.py took 0.109 seconds
[2022-08-21 20:00:52,710] {processor.py:153} INFO - Started process (PID=207) to work on /dbt-airflow/airflow/dags/dbt_project.py
[2022-08-21 20:00:52,711] {processor.py:641} INFO - Processing file /dbt-airflow/airflow/dags/dbt_project.py for tasks to queue
[2022-08-21 20:00:52,712] {logging_mixin.py:115} INFO - [2022-08-21 20:00:52,711] {dagbag.py:508} INFO - Filling up the DagBag from /dbt-airflow/airflow/dags/dbt_project.py
[2022-08-21 20:00:52,731] {processor.py:651} INFO - DAG(s) dict_keys(['dbt_dag']) retrieved from /dbt-airflow/airflow/dags/dbt_project.py
[2022-08-21 20:00:52,755] {logging_mixin.py:115} INFO - [2022-08-21 20:00:52,755] {dag.py:2420} INFO - Sync 1 DAGs
[2022-08-21 20:00:52,776] {logging_mixin.py:115} INFO - [2022-08-21 20:00:52,776] {dag.py:2968} INFO - Setting next_dagrun for dbt_dag to None, run_after=None
[2022-08-21 20:00:52,811] {processor.py:161} INFO - Processing /dbt-airflow/airflow/dags/dbt_project.py took 0.103 seconds
