[2022-08-21 19:48:42,239] {taskinstance.py:1179} INFO - Dependencies all met for <TaskInstance: dbt_dag.deps_check scheduled__2022-08-18T00:00:00+00:00 [queued]>
[2022-08-21 19:48:42,256] {taskinstance.py:1179} INFO - Dependencies all met for <TaskInstance: dbt_dag.deps_check scheduled__2022-08-18T00:00:00+00:00 [queued]>
[2022-08-21 19:48:42,256] {taskinstance.py:1376} INFO - 
--------------------------------------------------------------------------------
[2022-08-21 19:48:42,256] {taskinstance.py:1377} INFO - Starting attempt 1 of 1
[2022-08-21 19:48:42,257] {taskinstance.py:1378} INFO - 
--------------------------------------------------------------------------------
[2022-08-21 19:48:42,291] {taskinstance.py:1397} INFO - Executing <Task(BashOperator): deps_check> on 2022-08-18 00:00:00+00:00
[2022-08-21 19:48:42,292] {standard_task_runner.py:52} INFO - Started process 28 to run task
[2022-08-21 19:48:42,295] {standard_task_runner.py:79} INFO - Running: ['airflow', 'tasks', 'run', 'dbt_dag', 'deps_check', 'scheduled__2022-08-18T00:00:00+00:00', '--job-id', '3', '--raw', '--subdir', 'DAGS_FOLDER/dbt_project.py', '--cfg-path', '/tmp/tmpls5qgb8e', '--error-file', '/tmp/tmpz81060ml']
[2022-08-21 19:48:42,296] {standard_task_runner.py:80} INFO - Job 3: Subtask deps_check
[2022-08-21 19:48:42,365] {task_command.py:371} INFO - Running <TaskInstance: dbt_dag.deps_check scheduled__2022-08-18T00:00:00+00:00 [running]> on host 5ce0005a4e16
[2022-08-21 19:48:42,460] {taskinstance.py:1589} INFO - Exporting the following env vars:
AIRFLOW_CTX_DAG_OWNER=airflow
AIRFLOW_CTX_DAG_ID=dbt_dag
AIRFLOW_CTX_TASK_ID=deps_check
AIRFLOW_CTX_EXECUTION_DATE=2022-08-18T00:00:00+00:00
AIRFLOW_CTX_TRY_NUMBER=1
AIRFLOW_CTX_DAG_RUN_ID=scheduled__2022-08-18T00:00:00+00:00
[2022-08-21 19:48:42,461] {subprocess.py:62} INFO - Tmp dir root location: 
 /tmp
[2022-08-21 19:48:42,461] {subprocess.py:74} INFO - Running command: ['bash', '-c', 'dbt --version && airflow version']
[2022-08-21 19:48:42,465] {subprocess.py:85} INFO - Output:
[2022-08-21 19:48:45,839] {subprocess.py:92} INFO - Core:
[2022-08-21 19:48:45,839] {subprocess.py:92} INFO -   - installed: 1.2.0
[2022-08-21 19:48:45,840] {subprocess.py:92} INFO -   - latest:    1.2.0 - [32mUp to date![0m
[2022-08-21 19:48:45,840] {subprocess.py:92} INFO - 
[2022-08-21 19:48:45,841] {subprocess.py:92} INFO - Plugins:
[2022-08-21 19:48:45,841] {subprocess.py:92} INFO -   - bigquery: 1.2.0 - [32mUp to date![0m
[2022-08-21 19:48:46,341] {subprocess.py:92} INFO - 2.3.3
[2022-08-21 19:48:46,393] {subprocess.py:96} INFO - Command exited with return code 0
[2022-08-21 19:48:46,443] {taskinstance.py:1415} INFO - Marking task as SUCCESS. dag_id=dbt_dag, task_id=deps_check, execution_date=20220818T000000, start_date=20220821T194842, end_date=20220821T194846
[2022-08-21 19:48:46,485] {local_task_job.py:156} INFO - Task exited with return code 0
[2022-08-21 19:48:46,537] {local_task_job.py:273} INFO - 1 downstream tasks scheduled from follow-on schedule check
