[2022-08-21 19:50:22,618] {taskinstance.py:1179} INFO - Dependencies all met for <TaskInstance: dbt_dag.dbt_docs scheduled__2022-08-18T00:00:00+00:00 [queued]>
[2022-08-21 19:50:22,631] {taskinstance.py:1179} INFO - Dependencies all met for <TaskInstance: dbt_dag.dbt_docs scheduled__2022-08-18T00:00:00+00:00 [queued]>
[2022-08-21 19:50:22,631] {taskinstance.py:1376} INFO - 
--------------------------------------------------------------------------------
[2022-08-21 19:50:22,632] {taskinstance.py:1377} INFO - Starting attempt 1 of 1
[2022-08-21 19:50:22,632] {taskinstance.py:1378} INFO - 
--------------------------------------------------------------------------------
[2022-08-21 19:50:22,660] {taskinstance.py:1397} INFO - Executing <Task(BashOperator): dbt_docs> on 2022-08-18 00:00:00+00:00
[2022-08-21 19:50:22,662] {standard_task_runner.py:52} INFO - Started process 154 to run task
[2022-08-21 19:50:22,665] {standard_task_runner.py:79} INFO - Running: ['airflow', 'tasks', 'run', 'dbt_dag', 'dbt_docs', 'scheduled__2022-08-18T00:00:00+00:00', '--job-id', '12', '--raw', '--subdir', 'DAGS_FOLDER/dbt_project.py', '--cfg-path', '/tmp/tmpj7qirtu0', '--error-file', '/tmp/tmpd5g20t4w']
[2022-08-21 19:50:22,666] {standard_task_runner.py:80} INFO - Job 12: Subtask dbt_docs
[2022-08-21 19:50:22,751] {task_command.py:371} INFO - Running <TaskInstance: dbt_dag.dbt_docs scheduled__2022-08-18T00:00:00+00:00 [running]> on host 5ce0005a4e16
[2022-08-21 19:50:22,854] {taskinstance.py:1589} INFO - Exporting the following env vars:
AIRFLOW_CTX_DAG_OWNER=airflow
AIRFLOW_CTX_DAG_ID=dbt_dag
AIRFLOW_CTX_TASK_ID=dbt_docs
AIRFLOW_CTX_EXECUTION_DATE=2022-08-18T00:00:00+00:00
AIRFLOW_CTX_TRY_NUMBER=1
AIRFLOW_CTX_DAG_RUN_ID=scheduled__2022-08-18T00:00:00+00:00
[2022-08-21 19:50:22,855] {subprocess.py:62} INFO - Tmp dir root location: 
 /tmp
[2022-08-21 19:50:22,856] {subprocess.py:74} INFO - Running command: ['bash', '-c', 'cd ${DBT_HOME} && dbt docs generate']
[2022-08-21 19:50:22,859] {subprocess.py:85} INFO - Output:
[2022-08-21 19:50:25,726] {subprocess.py:92} INFO - [0m19:50:25  Running with dbt=1.2.0
[2022-08-21 19:50:27,302] {subprocess.py:92} INFO - [0m19:50:27  Found 6 models, 9 tests, 0 snapshots, 0 analyses, 523 macros, 0 operations, 0 seed files, 3 sources, 1 exposure, 0 metrics
[2022-08-21 19:50:27,306] {subprocess.py:92} INFO - [0m19:50:27
[2022-08-21 19:50:27,805] {subprocess.py:92} INFO - [0m19:50:27  Concurrency: 5 threads (target='dbt_x_airflow')
[2022-08-21 19:50:27,806] {subprocess.py:92} INFO - [0m19:50:27
[2022-08-21 19:50:28,077] {subprocess.py:92} INFO - [0m19:50:28  Done.
[2022-08-21 19:50:28,132] {subprocess.py:92} INFO - [0m19:50:28  Building catalog
[2022-08-21 19:50:32,045] {subprocess.py:92} INFO - [0m19:50:32  Catalog written to /dbt-airflow/dbt_jaffleshop/target/catalog.json
[2022-08-21 19:50:32,726] {subprocess.py:96} INFO - Command exited with return code 0
[2022-08-21 19:50:32,777] {taskinstance.py:1415} INFO - Marking task as SUCCESS. dag_id=dbt_dag, task_id=dbt_docs, execution_date=20220818T000000, start_date=20220821T195022, end_date=20220821T195032
[2022-08-21 19:50:32,832] {local_task_job.py:156} INFO - Task exited with return code 0
[2022-08-21 19:50:32,859] {local_task_job.py:273} INFO - 0 downstream tasks scheduled from follow-on schedule check
