[2022-08-21 19:48:36,342] {taskinstance.py:1179} INFO - Dependencies all met for <TaskInstance: dbt_dag.deps_check scheduled__2022-08-17T00:00:00+00:00 [queued]>
[2022-08-21 19:48:36,354] {taskinstance.py:1179} INFO - Dependencies all met for <TaskInstance: dbt_dag.deps_check scheduled__2022-08-17T00:00:00+00:00 [queued]>
[2022-08-21 19:48:36,354] {taskinstance.py:1376} INFO - 
--------------------------------------------------------------------------------
[2022-08-21 19:48:36,354] {taskinstance.py:1377} INFO - Starting attempt 1 of 1
[2022-08-21 19:48:36,355] {taskinstance.py:1378} INFO - 
--------------------------------------------------------------------------------
[2022-08-21 19:48:36,382] {taskinstance.py:1397} INFO - Executing <Task(BashOperator): deps_check> on 2022-08-17 00:00:00+00:00
[2022-08-21 19:48:36,384] {standard_task_runner.py:52} INFO - Started process 23 to run task
[2022-08-21 19:48:36,386] {standard_task_runner.py:79} INFO - Running: ['airflow', 'tasks', 'run', 'dbt_dag', 'deps_check', 'scheduled__2022-08-17T00:00:00+00:00', '--job-id', '2', '--raw', '--subdir', 'DAGS_FOLDER/dbt_project.py', '--cfg-path', '/tmp/tmp9hsaee9f', '--error-file', '/tmp/tmp7mbo419x']
[2022-08-21 19:48:36,387] {standard_task_runner.py:80} INFO - Job 2: Subtask deps_check
[2022-08-21 19:48:36,472] {task_command.py:371} INFO - Running <TaskInstance: dbt_dag.deps_check scheduled__2022-08-17T00:00:00+00:00 [running]> on host 5ce0005a4e16
[2022-08-21 19:48:36,581] {taskinstance.py:1589} INFO - Exporting the following env vars:
AIRFLOW_CTX_DAG_OWNER=airflow
AIRFLOW_CTX_DAG_ID=dbt_dag
AIRFLOW_CTX_TASK_ID=deps_check
AIRFLOW_CTX_EXECUTION_DATE=2022-08-17T00:00:00+00:00
AIRFLOW_CTX_TRY_NUMBER=1
AIRFLOW_CTX_DAG_RUN_ID=scheduled__2022-08-17T00:00:00+00:00
[2022-08-21 19:48:36,582] {subprocess.py:62} INFO - Tmp dir root location: 
 /tmp
[2022-08-21 19:48:36,583] {subprocess.py:74} INFO - Running command: ['bash', '-c', 'dbt --version && airflow version']
[2022-08-21 19:48:36,586] {subprocess.py:85} INFO - Output:
[2022-08-21 19:48:39,889] {subprocess.py:92} INFO - Core:
[2022-08-21 19:48:39,889] {subprocess.py:92} INFO -   - installed: 1.2.0
[2022-08-21 19:48:39,889] {subprocess.py:92} INFO -   - latest:    1.2.0 - [32mUp to date![0m
[2022-08-21 19:48:39,890] {subprocess.py:92} INFO - 
[2022-08-21 19:48:39,890] {subprocess.py:92} INFO - Plugins:
[2022-08-21 19:48:39,891] {subprocess.py:92} INFO -   - bigquery: 1.2.0 - [32mUp to date![0m
[2022-08-21 19:48:40,382] {subprocess.py:92} INFO - 2.3.3
[2022-08-21 19:48:40,430] {subprocess.py:96} INFO - Command exited with return code 0
[2022-08-21 19:48:40,480] {taskinstance.py:1415} INFO - Marking task as SUCCESS. dag_id=dbt_dag, task_id=deps_check, execution_date=20220817T000000, start_date=20220821T194836, end_date=20220821T194840
[2022-08-21 19:48:40,536] {local_task_job.py:156} INFO - Task exited with return code 0
[2022-08-21 19:48:40,596] {local_task_job.py:273} INFO - 1 downstream tasks scheduled from follow-on schedule check
